<?xml version="1.0" encoding="UTF-8"?>
<testsuite xmlns:xsi="http://www.w3.org/2001/XMLSchema-instance" xsi:noNamespaceSchemaLocation="https://maven.apache.org/surefire/maven-surefire-plugin/xsd/surefire-test-report.xsd" name="com.udacity.catpoint.AppTest" time="0.001" tests="0" errors="0" skipped="0" failures="0">
  <properties>
    <property name="java.specification.version" value="18"/>
    <property name="sun.jnu.encoding" value="UTF-8"/>
    <property name="java.class.path" value="/Users/praveenkumarthangaraj/Documents/JavaCourse/Udacity/Unit-Test/Java-application-deployment-project-master/starter/catpoint-parent/target/test-classes:/Users/praveenkumarthangaraj/Documents/JavaCourse/Udacity/Unit-Test/Java-application-deployment-project-master/starter/catpoint-parent/target/classes:/Users/praveenkumarthangaraj/.m2/repository/org/slf4j/slf4j-api/2.0.7/slf4j-api-2.0.7.jar:/Users/praveenkumarthangaraj/.m2/repository/software/amazon/awssdk/auth/2.21.21/auth-2.21.21.jar:/Users/praveenkumarthangaraj/.m2/repository/software/amazon/awssdk/annotations/2.21.21/annotations-2.21.21.jar:/Users/praveenkumarthangaraj/.m2/repository/software/amazon/awssdk/utils/2.21.21/utils-2.21.21.jar:/Users/praveenkumarthangaraj/.m2/repository/org/reactivestreams/reactive-streams/1.0.4/reactive-streams-1.0.4.jar:/Users/praveenkumarthangaraj/.m2/repository/software/amazon/awssdk/sdk-core/2.21.21/sdk-core-2.21.21.jar:/Users/praveenkumarthangaraj/.m2/repository/software/amazon/awssdk/checksums-spi/2.21.21/checksums-spi-2.21.21.jar:/Users/praveenkumarthangaraj/.m2/repository/software/amazon/awssdk/checksums/2.21.21/checksums-2.21.21.jar:/Users/praveenkumarthangaraj/.m2/repository/software/amazon/awssdk/identity-spi/2.21.21/identity-spi-2.21.21.jar:/Users/praveenkumarthangaraj/.m2/repository/software/amazon/awssdk/regions/2.21.21/regions-2.21.21.jar:/Users/praveenkumarthangaraj/.m2/repository/software/amazon/awssdk/profiles/2.21.21/profiles-2.21.21.jar:/Users/praveenkumarthangaraj/.m2/repository/software/amazon/awssdk/http-client-spi/2.21.21/http-client-spi-2.21.21.jar:/Users/praveenkumarthangaraj/.m2/repository/software/amazon/awssdk/json-utils/2.21.21/json-utils-2.21.21.jar:/Users/praveenkumarthangaraj/.m2/repository/software/amazon/awssdk/third-party-jackson-core/2.21.21/third-party-jackson-core-2.21.21.jar:/Users/praveenkumarthangaraj/.m2/repository/software/amazon/awssdk/http-auth-aws/2.21.21/http-auth-aws-2.21.21.jar:/Users/praveenkumarthangaraj/.m2/repository/software/amazon/awssdk/http-auth/2.21.21/http-auth-2.21.21.jar:/Users/praveenkumarthangaraj/.m2/repository/software/amazon/awssdk/http-auth-spi/2.21.21/http-auth-spi-2.21.21.jar:/Users/praveenkumarthangaraj/.m2/repository/software/amazon/eventstream/eventstream/1.0.1/eventstream-1.0.1.jar:/Users/praveenkumarthangaraj/.m2/repository/software/amazon/awssdk/rekognition/2.21.21/rekognition-2.21.21.jar:/Users/praveenkumarthangaraj/.m2/repository/software/amazon/awssdk/aws-json-protocol/2.21.21/aws-json-protocol-2.21.21.jar:/Users/praveenkumarthangaraj/.m2/repository/software/amazon/awssdk/protocol-core/2.21.21/protocol-core-2.21.21.jar:/Users/praveenkumarthangaraj/.m2/repository/software/amazon/awssdk/aws-core/2.21.21/aws-core-2.21.21.jar:/Users/praveenkumarthangaraj/.m2/repository/software/amazon/awssdk/metrics-spi/2.21.21/metrics-spi-2.21.21.jar:/Users/praveenkumarthangaraj/.m2/repository/software/amazon/awssdk/endpoints-spi/2.21.21/endpoints-spi-2.21.21.jar:/Users/praveenkumarthangaraj/.m2/repository/software/amazon/awssdk/apache-client/2.21.21/apache-client-2.21.21.jar:/Users/praveenkumarthangaraj/.m2/repository/org/apache/httpcomponents/httpclient/4.5.13/httpclient-4.5.13.jar:/Users/praveenkumarthangaraj/.m2/repository/commons-logging/commons-logging/1.2/commons-logging-1.2.jar:/Users/praveenkumarthangaraj/.m2/repository/org/apache/httpcomponents/httpcore/4.4.13/httpcore-4.4.13.jar:/Users/praveenkumarthangaraj/.m2/repository/commons-codec/commons-codec/1.15/commons-codec-1.15.jar:/Users/praveenkumarthangaraj/.m2/repository/software/amazon/awssdk/netty-nio-client/2.21.21/netty-nio-client-2.21.21.jar:/Users/praveenkumarthangaraj/.m2/repository/io/netty/netty-codec-http/4.1.100.Final/netty-codec-http-4.1.100.Final.jar:/Users/praveenkumarthangaraj/.m2/repository/io/netty/netty-codec-http2/4.1.100.Final/netty-codec-http2-4.1.100.Final.jar:/Users/praveenkumarthangaraj/.m2/repository/io/netty/netty-codec/4.1.100.Final/netty-codec-4.1.100.Final.jar:/Users/praveenkumarthangaraj/.m2/repository/io/netty/netty-transport/4.1.100.Final/netty-transport-4.1.100.Final.jar:/Users/praveenkumarthangaraj/.m2/repository/io/netty/netty-common/4.1.100.Final/netty-common-4.1.100.Final.jar:/Users/praveenkumarthangaraj/.m2/repository/io/netty/netty-buffer/4.1.100.Final/netty-buffer-4.1.100.Final.jar:/Users/praveenkumarthangaraj/.m2/repository/io/netty/netty-handler/4.1.100.Final/netty-handler-4.1.100.Final.jar:/Users/praveenkumarthangaraj/.m2/repository/io/netty/netty-transport-native-unix-common/4.1.100.Final/netty-transport-native-unix-common-4.1.100.Final.jar:/Users/praveenkumarthangaraj/.m2/repository/io/netty/netty-transport-classes-epoll/4.1.100.Final/netty-transport-classes-epoll-4.1.100.Final.jar:/Users/praveenkumarthangaraj/.m2/repository/io/netty/netty-resolver/4.1.100.Final/netty-resolver-4.1.100.Final.jar:/Users/praveenkumarthangaraj/.m2/repository/com/google/code/gson/gson/2.10.1/gson-2.10.1.jar:/Users/praveenkumarthangaraj/.m2/repository/com/google/guava/guava/32.1.3-jre/guava-32.1.3-jre.jar:/Users/praveenkumarthangaraj/.m2/repository/com/google/guava/failureaccess/1.0.1/failureaccess-1.0.1.jar:/Users/praveenkumarthangaraj/.m2/repository/com/google/guava/listenablefuture/9999.0-empty-to-avoid-conflict-with-guava/listenablefuture-9999.0-empty-to-avoid-conflict-with-guava.jar:/Users/praveenkumarthangaraj/.m2/repository/com/google/code/findbugs/jsr305/3.0.2/jsr305-3.0.2.jar:/Users/praveenkumarthangaraj/.m2/repository/org/checkerframework/checker-qual/3.37.0/checker-qual-3.37.0.jar:/Users/praveenkumarthangaraj/.m2/repository/com/google/errorprone/error_prone_annotations/2.21.1/error_prone_annotations-2.21.1.jar:/Users/praveenkumarthangaraj/.m2/repository/com/google/j2objc/j2objc-annotations/2.8/j2objc-annotations-2.8.jar:/Users/praveenkumarthangaraj/.m2/repository/com/miglayout/miglayout-swing/11.2/miglayout-swing-11.2.jar:/Users/praveenkumarthangaraj/.m2/repository/com/miglayout/miglayout-core/11.2/miglayout-core-11.2.jar:/Users/praveenkumarthangaraj/.m2/repository/org/junit/jupiter/junit-jupiter-api/5.10.0/junit-jupiter-api-5.10.0.jar:/Users/praveenkumarthangaraj/.m2/repository/org/opentest4j/opentest4j/1.3.0/opentest4j-1.3.0.jar:/Users/praveenkumarthangaraj/.m2/repository/org/junit/platform/junit-platform-commons/1.10.0/junit-platform-commons-1.10.0.jar:/Users/praveenkumarthangaraj/.m2/repository/org/apiguardian/apiguardian-api/1.1.2/apiguardian-api-1.1.2.jar:"/>
    <property name="java.vm.vendor" value="Oracle Corporation"/>
    <property name="sun.arch.data.model" value="64"/>
    <property name="java.vendor.url" value="https://java.oracle.com/"/>
    <property name="os.name" value="Mac OS X"/>
    <property name="java.vm.specification.version" value="18"/>
    <property name="sun.java.launcher" value="SUN_STANDARD"/>
    <property name="user.country" value="US"/>
    <property name="sun.boot.library.path" value="/Users/praveenkumarthangaraj/Library/Java/JavaVirtualMachines/openjdk-18.0.2/Contents/Home/lib"/>
    <property name="sun.java.command" value="/Users/praveenkumarthangaraj/Documents/JavaCourse/Udacity/Unit-Test/Java-application-deployment-project-master/starter/catpoint-parent/target/surefire/surefirebooter16767230571559045903.jar /Users/praveenkumarthangaraj/Documents/JavaCourse/Udacity/Unit-Test/Java-application-deployment-project-master/starter/catpoint-parent/target/surefire 2023-11-13T10-06-28_634-jvmRun1 surefire15165600053477295824tmp surefire_09453529096959201842tmp"/>
    <property name="http.nonProxyHosts" value="local|*.local|169.254/16|*.169.254/16"/>
    <property name="jdk.debug" value="release"/>
    <property name="surefire.test.class.path" value="/Users/praveenkumarthangaraj/Documents/JavaCourse/Udacity/Unit-Test/Java-application-deployment-project-master/starter/catpoint-parent/target/test-classes:/Users/praveenkumarthangaraj/Documents/JavaCourse/Udacity/Unit-Test/Java-application-deployment-project-master/starter/catpoint-parent/target/classes:/Users/praveenkumarthangaraj/.m2/repository/org/slf4j/slf4j-api/2.0.7/slf4j-api-2.0.7.jar:/Users/praveenkumarthangaraj/.m2/repository/software/amazon/awssdk/auth/2.21.21/auth-2.21.21.jar:/Users/praveenkumarthangaraj/.m2/repository/software/amazon/awssdk/annotations/2.21.21/annotations-2.21.21.jar:/Users/praveenkumarthangaraj/.m2/repository/software/amazon/awssdk/utils/2.21.21/utils-2.21.21.jar:/Users/praveenkumarthangaraj/.m2/repository/org/reactivestreams/reactive-streams/1.0.4/reactive-streams-1.0.4.jar:/Users/praveenkumarthangaraj/.m2/repository/software/amazon/awssdk/sdk-core/2.21.21/sdk-core-2.21.21.jar:/Users/praveenkumarthangaraj/.m2/repository/software/amazon/awssdk/checksums-spi/2.21.21/checksums-spi-2.21.21.jar:/Users/praveenkumarthangaraj/.m2/repository/software/amazon/awssdk/checksums/2.21.21/checksums-2.21.21.jar:/Users/praveenkumarthangaraj/.m2/repository/software/amazon/awssdk/identity-spi/2.21.21/identity-spi-2.21.21.jar:/Users/praveenkumarthangaraj/.m2/repository/software/amazon/awssdk/regions/2.21.21/regions-2.21.21.jar:/Users/praveenkumarthangaraj/.m2/repository/software/amazon/awssdk/profiles/2.21.21/profiles-2.21.21.jar:/Users/praveenkumarthangaraj/.m2/repository/software/amazon/awssdk/http-client-spi/2.21.21/http-client-spi-2.21.21.jar:/Users/praveenkumarthangaraj/.m2/repository/software/amazon/awssdk/json-utils/2.21.21/json-utils-2.21.21.jar:/Users/praveenkumarthangaraj/.m2/repository/software/amazon/awssdk/third-party-jackson-core/2.21.21/third-party-jackson-core-2.21.21.jar:/Users/praveenkumarthangaraj/.m2/repository/software/amazon/awssdk/http-auth-aws/2.21.21/http-auth-aws-2.21.21.jar:/Users/praveenkumarthangaraj/.m2/repository/software/amazon/awssdk/http-auth/2.21.21/http-auth-2.21.21.jar:/Users/praveenkumarthangaraj/.m2/repository/software/amazon/awssdk/http-auth-spi/2.21.21/http-auth-spi-2.21.21.jar:/Users/praveenkumarthangaraj/.m2/repository/software/amazon/eventstream/eventstream/1.0.1/eventstream-1.0.1.jar:/Users/praveenkumarthangaraj/.m2/repository/software/amazon/awssdk/rekognition/2.21.21/rekognition-2.21.21.jar:/Users/praveenkumarthangaraj/.m2/repository/software/amazon/awssdk/aws-json-protocol/2.21.21/aws-json-protocol-2.21.21.jar:/Users/praveenkumarthangaraj/.m2/repository/software/amazon/awssdk/protocol-core/2.21.21/protocol-core-2.21.21.jar:/Users/praveenkumarthangaraj/.m2/repository/software/amazon/awssdk/aws-core/2.21.21/aws-core-2.21.21.jar:/Users/praveenkumarthangaraj/.m2/repository/software/amazon/awssdk/metrics-spi/2.21.21/metrics-spi-2.21.21.jar:/Users/praveenkumarthangaraj/.m2/repository/software/amazon/awssdk/endpoints-spi/2.21.21/endpoints-spi-2.21.21.jar:/Users/praveenkumarthangaraj/.m2/repository/software/amazon/awssdk/apache-client/2.21.21/apache-client-2.21.21.jar:/Users/praveenkumarthangaraj/.m2/repository/org/apache/httpcomponents/httpclient/4.5.13/httpclient-4.5.13.jar:/Users/praveenkumarthangaraj/.m2/repository/commons-logging/commons-logging/1.2/commons-logging-1.2.jar:/Users/praveenkumarthangaraj/.m2/repository/org/apache/httpcomponents/httpcore/4.4.13/httpcore-4.4.13.jar:/Users/praveenkumarthangaraj/.m2/repository/commons-codec/commons-codec/1.15/commons-codec-1.15.jar:/Users/praveenkumarthangaraj/.m2/repository/software/amazon/awssdk/netty-nio-client/2.21.21/netty-nio-client-2.21.21.jar:/Users/praveenkumarthangaraj/.m2/repository/io/netty/netty-codec-http/4.1.100.Final/netty-codec-http-4.1.100.Final.jar:/Users/praveenkumarthangaraj/.m2/repository/io/netty/netty-codec-http2/4.1.100.Final/netty-codec-http2-4.1.100.Final.jar:/Users/praveenkumarthangaraj/.m2/repository/io/netty/netty-codec/4.1.100.Final/netty-codec-4.1.100.Final.jar:/Users/praveenkumarthangaraj/.m2/repository/io/netty/netty-transport/4.1.100.Final/netty-transport-4.1.100.Final.jar:/Users/praveenkumarthangaraj/.m2/repository/io/netty/netty-common/4.1.100.Final/netty-common-4.1.100.Final.jar:/Users/praveenkumarthangaraj/.m2/repository/io/netty/netty-buffer/4.1.100.Final/netty-buffer-4.1.100.Final.jar:/Users/praveenkumarthangaraj/.m2/repository/io/netty/netty-handler/4.1.100.Final/netty-handler-4.1.100.Final.jar:/Users/praveenkumarthangaraj/.m2/repository/io/netty/netty-transport-native-unix-common/4.1.100.Final/netty-transport-native-unix-common-4.1.100.Final.jar:/Users/praveenkumarthangaraj/.m2/repository/io/netty/netty-transport-classes-epoll/4.1.100.Final/netty-transport-classes-epoll-4.1.100.Final.jar:/Users/praveenkumarthangaraj/.m2/repository/io/netty/netty-resolver/4.1.100.Final/netty-resolver-4.1.100.Final.jar:/Users/praveenkumarthangaraj/.m2/repository/com/google/code/gson/gson/2.10.1/gson-2.10.1.jar:/Users/praveenkumarthangaraj/.m2/repository/com/google/guava/guava/32.1.3-jre/guava-32.1.3-jre.jar:/Users/praveenkumarthangaraj/.m2/repository/com/google/guava/failureaccess/1.0.1/failureaccess-1.0.1.jar:/Users/praveenkumarthangaraj/.m2/repository/com/google/guava/listenablefuture/9999.0-empty-to-avoid-conflict-with-guava/listenablefuture-9999.0-empty-to-avoid-conflict-with-guava.jar:/Users/praveenkumarthangaraj/.m2/repository/com/google/code/findbugs/jsr305/3.0.2/jsr305-3.0.2.jar:/Users/praveenkumarthangaraj/.m2/repository/org/checkerframework/checker-qual/3.37.0/checker-qual-3.37.0.jar:/Users/praveenkumarthangaraj/.m2/repository/com/google/errorprone/error_prone_annotations/2.21.1/error_prone_annotations-2.21.1.jar:/Users/praveenkumarthangaraj/.m2/repository/com/google/j2objc/j2objc-annotations/2.8/j2objc-annotations-2.8.jar:/Users/praveenkumarthangaraj/.m2/repository/com/miglayout/miglayout-swing/11.2/miglayout-swing-11.2.jar:/Users/praveenkumarthangaraj/.m2/repository/com/miglayout/miglayout-core/11.2/miglayout-core-11.2.jar:/Users/praveenkumarthangaraj/.m2/repository/org/junit/jupiter/junit-jupiter-api/5.10.0/junit-jupiter-api-5.10.0.jar:/Users/praveenkumarthangaraj/.m2/repository/org/opentest4j/opentest4j/1.3.0/opentest4j-1.3.0.jar:/Users/praveenkumarthangaraj/.m2/repository/org/junit/platform/junit-platform-commons/1.10.0/junit-platform-commons-1.10.0.jar:/Users/praveenkumarthangaraj/.m2/repository/org/apiguardian/apiguardian-api/1.1.2/apiguardian-api-1.1.2.jar:"/>
    <property name="sun.cpu.endian" value="little"/>
    <property name="user.home" value="/Users/praveenkumarthangaraj"/>
    <property name="user.language" value="en"/>
    <property name="java.specification.vendor" value="Oracle Corporation"/>
    <property name="java.version.date" value="2022-07-19"/>
    <property name="java.home" value="/Users/praveenkumarthangaraj/Library/Java/JavaVirtualMachines/openjdk-18.0.2/Contents/Home"/>
    <property name="file.separator" value="/"/>
    <property name="basedir" value="/Users/praveenkumarthangaraj/Documents/JavaCourse/Udacity/Unit-Test/Java-application-deployment-project-master/starter/catpoint-parent"/>
    <property name="java.vm.compressedOopsMode" value="Zero based"/>
    <property name="line.separator" value="&#10;"/>
    <property name="java.vm.specification.vendor" value="Oracle Corporation"/>
    <property name="java.specification.name" value="Java Platform API Specification"/>
    <property name="apple.awt.application.name" value="ForkedBooter"/>
    <property name="surefire.real.class.path" value="/Users/praveenkumarthangaraj/Documents/JavaCourse/Udacity/Unit-Test/Java-application-deployment-project-master/starter/catpoint-parent/target/surefire/surefirebooter16767230571559045903.jar"/>
    <property name="sun.management.compiler" value="HotSpot 64-Bit Tiered Compilers"/>
    <property name="ftp.nonProxyHosts" value="local|*.local|169.254/16|*.169.254/16"/>
    <property name="java.runtime.version" value="18.0.2+9-61"/>
    <property name="user.name" value="praveenkumarthangaraj"/>
    <property name="path.separator" value=":"/>
    <property name="os.version" value="14.0"/>
    <property name="java.runtime.name" value="OpenJDK Runtime Environment"/>
    <property name="file.encoding" value="UTF-8"/>
    <property name="java.vm.name" value="OpenJDK 64-Bit Server VM"/>
    <property name="localRepository" value="/Users/praveenkumarthangaraj/.m2/repository"/>
    <property name="java.vendor.url.bug" value="https://bugreport.java.com/bugreport/"/>
    <property name="java.io.tmpdir" value="/var/folders/45/s5f_dqjd2kq0j3gyqt535glh0000gn/T/"/>
    <property name="idea.version" value="2021.3.2"/>
    <property name="java.version" value="18.0.2"/>
    <property name="user.dir" value="/Users/praveenkumarthangaraj/Documents/JavaCourse/Udacity/Unit-Test/Java-application-deployment-project-master/starter/catpoint-parent"/>
    <property name="os.arch" value="aarch64"/>
    <property name="java.vm.specification.name" value="Java Virtual Machine Specification"/>
    <property name="native.encoding" value="UTF-8"/>
    <property name="java.library.path" value="/Users/praveenkumarthangaraj/Library/Java/Extensions:/Library/Java/Extensions:/Network/Library/Java/Extensions:/System/Library/Java/Extensions:/usr/lib/java:."/>
    <property name="java.vm.info" value="mixed mode, sharing"/>
    <property name="java.vendor" value="Oracle Corporation"/>
    <property name="java.vm.version" value="18.0.2+9-61"/>
    <property name="sun.io.unicode.encoding" value="UnicodeBig"/>
    <property name="socksNonProxyHosts" value="local|*.local|169.254/16|*.169.254/16"/>
    <property name="java.class.version" value="62.0"/>
  </properties>
</testsuite>